#! /usr/bin/vvp
:ivl_version "11.0 (stable)";
:ivl_delay_selection "TYPICAL";
:vpi_time_precision + 0;
:vpi_module "/usr/lib/x86_64-linux-gnu/ivl/system.vpi";
:vpi_module "/usr/lib/x86_64-linux-gnu/ivl/vhdl_sys.vpi";
:vpi_module "/usr/lib/x86_64-linux-gnu/ivl/vhdl_textio.vpi";
:vpi_module "/usr/lib/x86_64-linux-gnu/ivl/v2005_math.vpi";
:vpi_module "/usr/lib/x86_64-linux-gnu/ivl/va_math.vpi";
:vpi_module "/usr/lib/x86_64-linux-gnu/ivl/v2009.vpi";
S_0x55aaca1afd90 .scope package, "$unit" "$unit" 2 1;
 .timescale 0 0;
S_0x55aaca1aff20 .scope module, "arst_tb" "arst_tb" 3 3;
 .timescale 0 0;
v0x55aaca1ffd00_0 .net "nq", 0 0, v0x55aaca1b1f30_0;  1 drivers
v0x55aaca1ffdc0_0 .net "q", 0 0, v0x55aaca1b2190_0;  1 drivers
v0x55aaca1ffe90_0 .var "r", 0 0;
v0x55aaca1fff90_0 .var "s", 0 0;
S_0x55aaca1ea030 .scope module, "rst" "async_rs_trigger" 3 7, 4 1 0, S_0x55aaca1aff20;
 .timescale 0 0;
    .port_info 0 /OUTPUT 1 "q";
    .port_info 1 /OUTPUT 1 "q_inv";
    .port_info 2 /INPUT 1 "r";
    .port_info 3 /INPUT 1 "s";
v0x55aaca1b2190_0 .var "q", 0 0;
v0x55aaca1b1f30_0 .var "q_inv", 0 0;
v0x55aaca1ffac0_0 .net "r", 0 0, v0x55aaca1ffe90_0;  1 drivers
v0x55aaca1ffb90_0 .net "s", 0 0, v0x55aaca1fff90_0;  1 drivers
E_0x55aaca1ea9c0 .event edge, v0x55aaca1ffb90_0, v0x55aaca1ffac0_0;
    .scope S_0x55aaca1ea030;
T_0 ;
    %wait E_0x55aaca1ea9c0;
    %load/vec4 v0x55aaca1ffac0_0;
    %load/vec4 v0x55aaca1ffb90_0;
    %concat/vec4; draw_concat_vec4
    %dup/vec4;
    %pushi/vec4 1, 0, 2;
    %cmp/u;
    %jmp/1 T_0.0, 6;
    %dup/vec4;
    %pushi/vec4 2, 0, 2;
    %cmp/u;
    %jmp/1 T_0.1, 6;
    %dup/vec4;
    %pushi/vec4 3, 0, 2;
    %cmp/u;
    %jmp/1 T_0.2, 6;
    %jmp T_0.3;
T_0.0 ;
    %pushi/vec4 1, 0, 1;
    %store/vec4 v0x55aaca1b2190_0, 0, 1;
    %jmp T_0.3;
T_0.1 ;
    %pushi/vec4 0, 0, 1;
    %store/vec4 v0x55aaca1b2190_0, 0, 1;
    %jmp T_0.3;
T_0.2 ;
    %pushi/vec4 1, 1, 1;
    %store/vec4 v0x55aaca1b2190_0, 0, 1;
    %jmp T_0.3;
T_0.3 ;
    %pop/vec4 1;
    %load/vec4 v0x55aaca1b2190_0;
    %inv;
    %store/vec4 v0x55aaca1b1f30_0, 0, 1;
    %jmp T_0;
    .thread T_0, $push;
    .scope S_0x55aaca1aff20;
T_1 ;
    %vpi_call/w 3 10 "$dumpfile", "dump.vcd" {0 0 0};
    %vpi_call/w 3 11 "$dumpvars", 32'sb00000000000000000000000000000001, S_0x55aaca1aff20 {0 0 0};
    %vpi_call/w 3 12 "$monitor", "%0t: r=%b s=%b q=%b", $time, v0x55aaca1ffe90_0, v0x55aaca1fff90_0, v0x55aaca1ffdc0_0 {0 0 0};
    %pushi/vec4 0, 0, 1;
    %store/vec4 v0x55aaca1ffe90_0, 0, 1;
    %pushi/vec4 0, 0, 1;
    %store/vec4 v0x55aaca1fff90_0, 0, 1;
    %delay 1, 0;
    %pushi/vec4 0, 0, 1;
    %store/vec4 v0x55aaca1ffe90_0, 0, 1;
    %pushi/vec4 1, 0, 1;
    %store/vec4 v0x55aaca1fff90_0, 0, 1;
    %delay 1, 0;
    %pushi/vec4 1, 0, 1;
    %store/vec4 v0x55aaca1ffe90_0, 0, 1;
    %pushi/vec4 1, 0, 1;
    %store/vec4 v0x55aaca1fff90_0, 0, 1;
    %delay 1, 0;
    %pushi/vec4 1, 0, 1;
    %store/vec4 v0x55aaca1ffe90_0, 0, 1;
    %pushi/vec4 0, 0, 1;
    %store/vec4 v0x55aaca1fff90_0, 0, 1;
    %delay 1, 0;
    %pushi/vec4 0, 0, 1;
    %store/vec4 v0x55aaca1ffe90_0, 0, 1;
    %pushi/vec4 1, 0, 1;
    %store/vec4 v0x55aaca1fff90_0, 0, 1;
    %delay 1, 0;
    %pushi/vec4 1, 0, 1;
    %store/vec4 v0x55aaca1ffe90_0, 0, 1;
    %pushi/vec4 1, 0, 1;
    %store/vec4 v0x55aaca1fff90_0, 0, 1;
    %delay 1, 0;
    %pushi/vec4 0, 0, 1;
    %store/vec4 v0x55aaca1ffe90_0, 0, 1;
    %pushi/vec4 0, 0, 1;
    %store/vec4 v0x55aaca1fff90_0, 0, 1;
    %delay 1, 0;
    %pushi/vec4 1, 0, 1;
    %store/vec4 v0x55aaca1ffe90_0, 0, 1;
    %pushi/vec4 0, 0, 1;
    %store/vec4 v0x55aaca1fff90_0, 0, 1;
    %delay 1, 0;
    %pushi/vec4 0, 0, 1;
    %store/vec4 v0x55aaca1ffe90_0, 0, 1;
    %pushi/vec4 0, 0, 1;
    %store/vec4 v0x55aaca1fff90_0, 0, 1;
    %vpi_call/w 3 23 "$finish" {0 0 0};
    %end;
    .thread T_1;
# The file index is used to find the file name in the following table.
:file_names 5;
    "N/A";
    "<interactive>";
    "-";
    "arst_tb.sv";
    "./arst.sv";
