The system is: Windows - 10.0.22000 - AMD64
Compiling the CXX compiler identification source file "CMakeCXXCompilerId.cpp" succeeded.
Compiler: C:/Program Files/Microsoft Visual Studio/2022/Community/VC/Tools/MSVC/14.33.31629/bin/Hostx86/x86/cl.exe 
Build flags: 
Id flags:  

The output was:
0
Оптимизирующий компилятор Microsoft (R) C/C++ версии 19.33.31629 для x86
(C) Корпорация Майкрософт (Microsoft Corporation).  Все права защищены.

CMakeCXXCompilerId.cpp
Microsoft (R) Incremental Linker Version 14.33.31629.0
Copyright (C) Microsoft Corporation.  All rights reserved.

/out:CMakeCXXCompilerId.exe 
CMakeCXXCompilerId.obj 


Compilation of the CXX compiler identification source "CMakeCXXCompilerId.cpp" produced "CMakeCXXCompilerId.exe"

Compilation of the CXX compiler identification source "CMakeCXXCompilerId.cpp" produced "CMakeCXXCompilerId.obj"

The CXX compiler identification is MSVC, found in "C:/Users/pocht/Desktop/Homework/Arhitecture/Lab3/cmake-build-debug/CMakeFiles/3.24.2/CompilerIdCXX/CMakeCXXCompilerId.exe"

Detecting CXX compiler ABI info compiled with the following output:
Change Dir: C:/Users/pocht/Desktop/Homework/Arhitecture/Lab3/cmake-build-debug/CMakeFiles/CMakeTmp

Run Build Command(s):nmake -f Makefile /nologo cmTC_c413c\fast && 	"C:\Program Files\Microsoft Visual Studio\2022\Community\VC\Tools\MSVC\14.33.31629\bin\HostX86\x86\nmake.exe"  -f CMakeFiles\cmTC_c413c.dir\build.make /nologo -L                  CMakeFiles\cmTC_c413c.dir\build
Building CXX object CMakeFiles/cmTC_c413c.dir/CMakeCXXCompilerABI.cpp.obj
	C:\Users\pocht\AppData\Local\JetBrains\Toolbox\apps\CLion\ch-0\223.7571.171\bin\cmake\win\bin\cmake.exe -E cmake_cl_compile_depends --dep-file=CMakeFiles\cmTC_c413c.dir\CMakeCXXCompilerABI.cpp.obj.d --working-dir=C:\Users\pocht\Desktop\Homework\Arhitecture\Lab3\cmake-build-debug\CMakeFiles\CMakeTmp --filter-prefix="╧Ёшьхўрэшх: тъы■ўхэшх Їрщыр:  " -- C:\PROGRA~1\MICROS~3\2022\COMMUN~1\VC\Tools\MSVC\1433~1.316\bin\Hostx86\x86\cl.exe @C:\Users\pocht\AppData\Local\Temp\nm485D.tmp
CMakeCXXCompilerABI.cpp
Linking CXX executable cmTC_c413c.exe
	C:\Users\pocht\AppData\Local\JetBrains\Toolbox\apps\CLion\ch-0\223.7571.171\bin\cmake\win\bin\cmake.exe -E vs_link_exe --intdir=CMakeFiles\cmTC_c413c.dir --rc=C:\PROGRA~2\WI3CF2~1\10\bin\100190~1.0\x86\rc.exe --mt=C:\PROGRA~2\WI3CF2~1\10\bin\100190~1.0\x86\mt.exe --manifests -- C:\PROGRA~1\MICROS~3\2022\COMMUN~1\VC\Tools\MSVC\1433~1.316\bin\Hostx86\x86\link.exe /nologo @CMakeFiles\cmTC_c413c.dir\objects1.rsp @C:\Users\pocht\AppData\Local\Temp\nm49A6.tmp



