#! /usr/bin/vvp
:ivl_version "11.0 (stable)";
:ivl_delay_selection "TYPICAL";
:vpi_time_precision + 0;
:vpi_module "/usr/lib/x86_64-linux-gnu/ivl/system.vpi";
:vpi_module "/usr/lib/x86_64-linux-gnu/ivl/vhdl_sys.vpi";
:vpi_module "/usr/lib/x86_64-linux-gnu/ivl/vhdl_textio.vpi";
:vpi_module "/usr/lib/x86_64-linux-gnu/ivl/v2005_math.vpi";
:vpi_module "/usr/lib/x86_64-linux-gnu/ivl/va_math.vpi";
:vpi_module "/usr/lib/x86_64-linux-gnu/ivl/v2009.vpi";
S_0x55a56a1f2ce0 .scope package, "$unit" "$unit" 2 1;
 .timescale 0 0;
S_0x55a56a1f2e70 .scope module, "counterm_tb" "counterm_tb" 3 3;
 .timescale 0 0;
P_0x55a56a1f3000 .param/l "_N" 0 3 3, +C4<00000000000000000000000000000101>;
v0x55a56a207500_0 .var "clk", 0 0;
v0x55a56a2075c0_0 .var "enable", 0 0;
v0x55a56a207690_0 .net "out", 4 0, v0x55a56a2072a0_0;  1 drivers
v0x55a56a207790_0 .var "reset", 0 0;
S_0x55a56a1b8cf0 .scope module, "_counterm" "counterm" 3 7, 4 1 0, S_0x55a56a1f2e70;
 .timescale 0 0;
    .port_info 0 /OUTPUT 5 "out";
    .port_info 1 /INPUT 1 "clk";
    .port_info 2 /INPUT 1 "reset";
    .port_info 3 /INPUT 1 "enable";
P_0x55a56a1b8ed0 .param/l "N" 0 4 1, +C4<00000000000000000000000000000101>;
v0x55a56a1baf30_0 .net "clk", 0 0, v0x55a56a207500_0;  1 drivers
v0x55a56a2071e0_0 .net "enable", 0 0, v0x55a56a2075c0_0;  1 drivers
v0x55a56a2072a0_0 .var "out", 4 0;
v0x55a56a207390_0 .net "reset", 0 0, v0x55a56a207790_0;  1 drivers
E_0x55a56a1b94f0 .event posedge, v0x55a56a1baf30_0;
    .scope S_0x55a56a1b8cf0;
T_0 ;
    %wait E_0x55a56a1b94f0;
    %load/vec4 v0x55a56a2071e0_0;
    %flag_set/vec4 8;
    %jmp/0xz  T_0.0, 8;
    %load/vec4 v0x55a56a207390_0;
    %flag_set/vec4 8;
    %jmp/0xz  T_0.2, 8;
    %pushi/vec4 0, 0, 5;
    %store/vec4 v0x55a56a2072a0_0, 0, 5;
    %jmp T_0.3;
T_0.2 ;
    %load/vec4 v0x55a56a2072a0_0;
    %addi 1, 0, 5;
    %store/vec4 v0x55a56a2072a0_0, 0, 5;
T_0.3 ;
    %jmp T_0.1;
T_0.0 ;
    %load/vec4 v0x55a56a2072a0_0;
    %store/vec4 v0x55a56a2072a0_0, 0, 5;
T_0.1 ;
    %jmp T_0;
    .thread T_0;
    .scope S_0x55a56a1f2e70;
T_1 ;
    %vpi_call/w 3 12 "$dumpfile", "dump.vcd" {0 0 0};
    %vpi_call/w 3 13 "$dumpvars", 32'sb00000000000000000000000000000001, S_0x55a56a1f2e70 {0 0 0};
    %pushi/vec4 0, 0, 1;
    %store/vec4 v0x55a56a207500_0, 0, 1;
    %pushi/vec4 1, 0, 1;
    %store/vec4 v0x55a56a207790_0, 0, 1;
    %pushi/vec4 1, 0, 1;
    %store/vec4 v0x55a56a2075c0_0, 0, 1;
    %delay 1, 0;
    %pushi/vec4 0, 0, 1;
    %store/vec4 v0x55a56a207790_0, 0, 1;
    %delay 2, 0;
    %pushi/vec4 1, 0, 1;
    %store/vec4 v0x55a56a207790_0, 0, 1;
    %delay 2, 0;
    %pushi/vec4 0, 0, 1;
    %store/vec4 v0x55a56a207790_0, 0, 1;
    %delay 20, 0;
    %vpi_call/w 3 21 "$finish" {0 0 0};
    %end;
    .thread T_1;
    .scope S_0x55a56a1f2e70;
T_2 ;
    %delay 1, 0;
    %load/vec4 v0x55a56a207500_0;
    %inv;
    %store/vec4 v0x55a56a207500_0, 0, 1;
    %jmp T_2;
    .thread T_2;
    .scope S_0x55a56a1f2e70;
T_3 ;
    %wait E_0x55a56a1b94f0;
    %vpi_call/w 3 28 "$display", "%0t\011%b %b %b %b == %d", $time, v0x55a56a207500_0, v0x55a56a207790_0, v0x55a56a2075c0_0, v0x55a56a207690_0, v0x55a56a207690_0 {0 0 0};
    %jmp T_3;
    .thread T_3;
# The file index is used to find the file name in the following table.
:file_names 5;
    "N/A";
    "<interactive>";
    "-";
    "counterm_tb.sv";
    "./counterm.sv";
