The system is: Windows - 10.0.22000 - AMD64
Compiling the C compiler identification source file "CMakeCCompilerId.c" succeeded.
Compiler: C:/Program Files/Microsoft Visual Studio/2022/Community/VC/Tools/MSVC/14.33.31629/bin/Hostx86/x86/cl.exe 
Build flags: 
Id flags:  

The output was:
0
Оптимизирующий компилятор Microsoft (R) C/C++ версии 19.33.31629 для x86
(C) Корпорация Майкрософт (Microsoft Corporation).  Все права защищены.

CMakeCCompilerId.c
Microsoft (R) Incremental Linker Version 14.33.31629.0
Copyright (C) Microsoft Corporation.  All rights reserved.

/out:CMakeCCompilerId.exe 
CMakeCCompilerId.obj 


Compilation of the C compiler identification source "CMakeCCompilerId.c" produced "CMakeCCompilerId.exe"

Compilation of the C compiler identification source "CMakeCCompilerId.c" produced "CMakeCCompilerId.obj"

The C compiler identification is MSVC, found in "C:/Users/pocht/Desktop/Homework/ADS/homework2/cmake-build-debug/CMakeFiles/3.23.2/CompilerIdC/CMakeCCompilerId.exe"

Detecting C compiler ABI info compiled with the following output:
Change Dir: C:/Users/pocht/Desktop/Homework/ADS/homework2/cmake-build-debug/CMakeFiles/CMakeTmp

Run Build Command(s):C:/Users/pocht/AppData/Local/JetBrains/Toolbox/apps/CLion/ch-0/222.4167.35/bin/ninja/win/ninja.exe cmTC_a8d7c && [1/2] Building C object CMakeFiles\cmTC_a8d7c.dir\CMakeCCompilerABI.c.obj
Примечание: включение файла:  C:\Users\pocht\AppData\Local\JetBrains\Toolbox\apps\CLion\ch-0\222.4167.35\bin\cmake\win\share\cmake-3.23\Modules\CMakeCompilerABI.h
[2/2] Linking C executable cmTC_a8d7c.exe



