#! /usr/bin/vvp
:ivl_version "11.0 (stable)";
:ivl_delay_selection "TYPICAL";
:vpi_time_precision + 0;
:vpi_module "/usr/lib/x86_64-linux-gnu/ivl/system.vpi";
:vpi_module "/usr/lib/x86_64-linux-gnu/ivl/vhdl_sys.vpi";
:vpi_module "/usr/lib/x86_64-linux-gnu/ivl/vhdl_textio.vpi";
:vpi_module "/usr/lib/x86_64-linux-gnu/ivl/v2005_math.vpi";
:vpi_module "/usr/lib/x86_64-linux-gnu/ivl/va_math.vpi";
:vpi_module "/usr/lib/x86_64-linux-gnu/ivl/v2009.vpi";
S_0x563942d78d90 .scope package, "$unit" "$unit" 2 1;
 .timescale 0 0;
S_0x563942d78f20 .scope module, "inter_assignment_delays_tb" "inter_assignment_delays_tb" 3 1;
 .timescale 0 0;
v0x563942d8bf70_0 .var "a", 0 0;
v0x563942d7a830_0 .var "b", 0 0;
v0x563942d7b190_0 .var "c", 0 0;
v0x563942d7af30_0 .var "q", 0 0;
    .scope S_0x563942d78f20;
T_0 ;
    %vpi_call/w 3 5 "$monitor", "INTER\011[%0t] a=%0b b=%0b c=%0b q=%0b", $time, v0x563942d8bf70_0, v0x563942d7a830_0, v0x563942d7b190_0, v0x563942d7af30_0 {0 0 0};
    %pushi/vec4 0, 0, 1;
    %assign/vec4 v0x563942d8bf70_0, 0;
    %pushi/vec4 0, 0, 1;
    %assign/vec4 v0x563942d7a830_0, 0;
    %pushi/vec4 0, 0, 1;
    %assign/vec4 v0x563942d7b190_0, 0;
    %pushi/vec4 0, 0, 1;
    %assign/vec4 v0x563942d7af30_0, 0;
    %delay 5, 0;
    %pushi/vec4 1, 0, 1;
    %assign/vec4 v0x563942d8bf70_0, 0;
    %pushi/vec4 1, 0, 1;
    %assign/vec4 v0x563942d7b190_0, 0;
    %delay 5, 0;
    %load/vec4 v0x563942d8bf70_0;
    %load/vec4 v0x563942d7a830_0;
    %and;
    %load/vec4 v0x563942d7b190_0;
    %or;
    %assign/vec4 v0x563942d7af30_0, 0;
    %delay 20, 0;
    %end;
    .thread T_0;
# The file index is used to find the file name in the following table.
:file_names 4;
    "N/A";
    "<interactive>";
    "-";
    "inter_assign.sv";
