#! /usr/bin/vvp
:ivl_version "11.0 (stable)";
:ivl_delay_selection "TYPICAL";
:vpi_time_precision + 0;
:vpi_module "/usr/lib/x86_64-linux-gnu/ivl/system.vpi";
:vpi_module "/usr/lib/x86_64-linux-gnu/ivl/vhdl_sys.vpi";
:vpi_module "/usr/lib/x86_64-linux-gnu/ivl/vhdl_textio.vpi";
:vpi_module "/usr/lib/x86_64-linux-gnu/ivl/v2005_math.vpi";
:vpi_module "/usr/lib/x86_64-linux-gnu/ivl/va_math.vpi";
:vpi_module "/usr/lib/x86_64-linux-gnu/ivl/v2009.vpi";
S_0x55ada514bb90 .scope package, "$unit" "$unit" 2 1;
 .timescale 0 0;
S_0x55ada514bd20 .scope module, "not_switch_test" "not_switch_test" 3 1;
 .timescale 0 0;
v0x55ada515c530_0 .var "a", 0 0;
RS_0x7fd06fe790a8 .resolv tri, L_0x55ada515c810, L_0x55ada515c970;
v0x55ada515c600_0 .net8 "b", 0 0, RS_0x7fd06fe790a8;  2 drivers, strength-aware
S_0x55ada5112cf0 .scope module, "not1" "not_switch" 3 4, 4 1 0, S_0x55ada514bd20;
 .timescale 0 0;
    .port_info 0 /OUTPUT 1 "out";
    .port_info 1 /INPUT 1 "in";
L_0x55ada515c770 .functor BUFT 1, C8<771>, C4<0>, C4<0>, C4<0>;
L_0x55ada515c810 .functor PMOS 1, L_0x55ada515c770, v0x55ada515c530_0, C4<0>, C4<0>;
L_0x55ada515c6d0 .functor BUFT 1, C8<770>, C4<0>, C4<0>, C4<0>;
L_0x55ada515c970 .functor NMOS 1, L_0x55ada515c6d0, v0x55ada515c530_0, C4<0>, C4<0>;
v0x55ada514beb0_0 .net8 "GRD", 0 0, L_0x55ada515c6d0;  1 drivers, strength-aware
v0x55ada515c2b0_0 .net8 "PWR", 0 0, L_0x55ada515c770;  1 drivers, strength-aware
v0x55ada515c370_0 .net "in", 0 0, v0x55ada515c530_0;  1 drivers
v0x55ada515c410_0 .net8 "out", 0 0, RS_0x7fd06fe790a8;  alias, 2 drivers, strength-aware
    .scope S_0x55ada514bd20;
T_0 ;
    %vpi_call/w 3 8 "$monitor", "%0t %b", $time, v0x55ada515c600_0 {0 0 0};
    %pushi/vec4 0, 0, 1;
    %store/vec4 v0x55ada515c530_0, 0, 1;
    %delay 1, 0;
    %pushi/vec4 1, 0, 1;
    %store/vec4 v0x55ada515c530_0, 0, 1;
    %delay 1, 0;
    %pushi/vec4 0, 0, 1;
    %store/vec4 v0x55ada515c530_0, 0, 1;
    %end;
    .thread T_0;
# The file index is used to find the file name in the following table.
:file_names 5;
    "N/A";
    "<interactive>";
    "-";
    "testbench.sv";
    "design.sv";
